IN [INTERNAL ERROR] Light  14/02/2020 < 00:36:20.4844 > MySql.Data.MySqlClient.MySqlException (0x80004005): You have an error in your SQL syntax; check the manual that corresponds to your MySQL server version for the right syntax to use near '[INFOS], Light, I  [INFOS] Light 14/02/2020 < 00:36:20.1456 > Info Test, )' at line 1
   à MySql.Data.MySqlClient.MySqlStream.ReadPacket()
   à MySql.Data.MySqlClient.NativeDriver.GetResult(Int32& affectedRow, Int64& insertedId)
   à MySql.Data.MySqlClient.Driver.GetResult(Int32 statementId, Int32& affectedRows, Int64& insertedId)
   à MySql.Data.MySqlClient.Driver.NextResult(Int32 statementId, Boolean force)
   à MySql.Data.MySqlClient.MySqlDataReader.NextResult()
   à MySql.Data.MySqlClient.MySqlCommand.ExecuteReader(CommandBehavior behavior)
   à MySql.Data.MySqlClient.MySqlCommand.ExecuteNonQuery()
   à PLogger.Class.Logger.writeToDatabase(MySqlConnection connection) dans C:\Users\Light\source\repos\PLogger\PLogger\PLogger\Class\Logger.cs:ligne 204
IN [INTERNAL ERROR] Light  14/02/2020 < 00:36:20.5123 > MySql.Data.MySqlClient.MySqlException (0x80004005): You have an error in your SQL syntax; check the manual that corresponds to your MySQL server version for the right syntax to use near '[ERROR], Light, ⚠  [ERROR] Light 14/02/2020 < 00:36:20.4904 > ( Program.cs|Mai' at line 1
   à MySql.Data.MySqlClient.MySqlStream.ReadPacket()
   à MySql.Data.MySqlClient.NativeDriver.GetResult(Int32& affectedRow, Int64& insertedId)
   à MySql.Data.MySqlClient.Driver.GetResult(Int32 statementId, Int32& affectedRows, Int64& insertedId)
   à MySql.Data.MySqlClient.Driver.NextResult(Int32 statementId, Boolean force)
   à MySql.Data.MySqlClient.MySqlDataReader.NextResult()
   à MySql.Data.MySqlClient.MySqlCommand.ExecuteReader(CommandBehavior behavior)
   à MySql.Data.MySqlClient.MySqlCommand.ExecuteNonQuery()
   à PLogger.Class.Logger.writeToDatabase(MySqlConnection connection) dans C:\Users\Light\source\repos\PLogger\PLogger\PLogger\Class\Logger.cs:ligne 204
IN [INTERNAL ERROR] Light  14/02/2020 < 00:43:34.2268 > MySql.Data.MySqlClient.MySqlException (0x80004005): You have an error in your SQL syntax; check the manual that corresponds to your MySQL server version for the right syntax to use near '[INFOS], Light, I  [INFOS] Light 14/02/2020 < 00:43:33.9687 > Info Test, )' at line 1
   à MySql.Data.MySqlClient.MySqlStream.ReadPacket()
   à MySql.Data.MySqlClient.NativeDriver.GetResult(Int32& affectedRow, Int64& insertedId)
   à MySql.Data.MySqlClient.Driver.GetResult(Int32 statementId, Int32& affectedRows, Int64& insertedId)
   à MySql.Data.MySqlClient.Driver.NextResult(Int32 statementId, Boolean force)
   à MySql.Data.MySqlClient.MySqlDataReader.NextResult()
   à MySql.Data.MySqlClient.MySqlCommand.ExecuteReader(CommandBehavior behavior)
   à MySql.Data.MySqlClient.MySqlCommand.ExecuteNonQuery()
   à PLogger.Class.Logger.writeToDatabase(MySqlConnection connection) dans C:\Users\Light\source\repos\PLogger\PLogger\PLogger\Class\Logger.cs:ligne 204
IN [INTERNAL ERROR] Light  14/02/2020 < 00:43:34.2568 > MySql.Data.MySqlClient.MySqlException (0x80004005): You have an error in your SQL syntax; check the manual that corresponds to your MySQL server version for the right syntax to use near '[ERROR], Light, ⚠  [ERROR] Light 14/02/2020 < 00:43:34.2328 > ( Program.cs|Mai' at line 1
   à MySql.Data.MySqlClient.MySqlStream.ReadPacket()
   à MySql.Data.MySqlClient.NativeDriver.GetResult(Int32& affectedRow, Int64& insertedId)
   à MySql.Data.MySqlClient.Driver.GetResult(Int32 statementId, Int32& affectedRows, Int64& insertedId)
   à MySql.Data.MySqlClient.Driver.NextResult(Int32 statementId, Boolean force)
   à MySql.Data.MySqlClient.MySqlDataReader.NextResult()
   à MySql.Data.MySqlClient.MySqlCommand.ExecuteReader(CommandBehavior behavior)
   à MySql.Data.MySqlClient.MySqlCommand.ExecuteNonQuery()
   à PLogger.Class.Logger.writeToDatabase(MySqlConnection connection) dans C:\Users\Light\source\repos\PLogger\PLogger\PLogger\Class\Logger.cs:ligne 204
IN [INTERNAL ERROR] Light  14/02/2020 < 00:45:15.0423 > MySql.Data.MySqlClient.MySqlException (0x80004005): You have an error in your SQL syntax; check the manual that corresponds to your MySQL server version for the right syntax to use near '[INFOS], Light, I  [INFOS] Light 14/02/2020 < 00:45:14.7836 > Info Test, )' at line 1
   à MySql.Data.MySqlClient.MySqlStream.ReadPacket()
   à MySql.Data.MySqlClient.NativeDriver.GetResult(Int32& affectedRow, Int64& insertedId)
   à MySql.Data.MySqlClient.Driver.GetResult(Int32 statementId, Int32& affectedRows, Int64& insertedId)
   à MySql.Data.MySqlClient.Driver.NextResult(Int32 statementId, Boolean force)
   à MySql.Data.MySqlClient.MySqlDataReader.NextResult()
   à MySql.Data.MySqlClient.MySqlCommand.ExecuteReader(CommandBehavior behavior)
   à MySql.Data.MySqlClient.MySqlCommand.ExecuteNonQuery()
   à PLogger.Class.Logger.writeToDatabase(MySqlConnection connection) dans C:\Users\Light\source\repos\PLogger\PLogger\PLogger\Class\Logger.cs:ligne 204
IN [INTERNAL ERROR] Light  14/02/2020 < 00:45:15.0623 > MySql.Data.MySqlClient.MySqlException (0x80004005): You have an error in your SQL syntax; check the manual that corresponds to your MySQL server version for the right syntax to use near '[ERROR], Light, ⚠  [ERROR] Light 14/02/2020 < 00:45:15.0483 > ( Program.cs|Mai' at line 1
   à MySql.Data.MySqlClient.MySqlStream.ReadPacket()
   à MySql.Data.MySqlClient.NativeDriver.GetResult(Int32& affectedRow, Int64& insertedId)
   à MySql.Data.MySqlClient.Driver.GetResult(Int32 statementId, Int32& affectedRows, Int64& insertedId)
   à MySql.Data.MySqlClient.Driver.NextResult(Int32 statementId, Boolean force)
   à MySql.Data.MySqlClient.MySqlDataReader.NextResult()
   à MySql.Data.MySqlClient.MySqlCommand.ExecuteReader(CommandBehavior behavior)
   à MySql.Data.MySqlClient.MySqlCommand.ExecuteNonQuery()
   à PLogger.Class.Logger.writeToDatabase(MySqlConnection connection) dans C:\Users\Light\source\repos\PLogger\PLogger\PLogger\Class\Logger.cs:ligne 204
IN [INTERNAL ERROR] Light  14/02/2020 < 00:46:35.0686 > MySql.Data.MySqlClient.MySqlException (0x80004005): You have an error in your SQL syntax; check the manual that corresponds to your MySQL server version for the right syntax to use near '[INFOS])' at line 1
   à MySql.Data.MySqlClient.MySqlStream.ReadPacket()
   à MySql.Data.MySqlClient.NativeDriver.GetResult(Int32& affectedRow, Int64& insertedId)
   à MySql.Data.MySqlClient.Driver.GetResult(Int32 statementId, Int32& affectedRows, Int64& insertedId)
   à MySql.Data.MySqlClient.Driver.NextResult(Int32 statementId, Boolean force)
   à MySql.Data.MySqlClient.MySqlDataReader.NextResult()
   à MySql.Data.MySqlClient.MySqlCommand.ExecuteReader(CommandBehavior behavior)
   à MySql.Data.MySqlClient.MySqlCommand.ExecuteNonQuery()
   à PLogger.Class.Logger.writeToDatabase(MySqlConnection connection) dans C:\Users\Light\source\repos\PLogger\PLogger\PLogger\Class\Logger.cs:ligne 205
IN [INTERNAL ERROR] Light  14/02/2020 < 00:46:35.0965 > MySql.Data.MySqlClient.MySqlException (0x80004005): You have an error in your SQL syntax; check the manual that corresponds to your MySQL server version for the right syntax to use near '[ERROR])' at line 1
   à MySql.Data.MySqlClient.MySqlStream.ReadPacket()
   à MySql.Data.MySqlClient.NativeDriver.GetResult(Int32& affectedRow, Int64& insertedId)
   à MySql.Data.MySqlClient.Driver.GetResult(Int32 statementId, Int32& affectedRows, Int64& insertedId)
   à MySql.Data.MySqlClient.Driver.NextResult(Int32 statementId, Boolean force)
   à MySql.Data.MySqlClient.MySqlDataReader.NextResult()
   à MySql.Data.MySqlClient.MySqlCommand.ExecuteReader(CommandBehavior behavior)
   à MySql.Data.MySqlClient.MySqlCommand.ExecuteNonQuery()
   à PLogger.Class.Logger.writeToDatabase(MySqlConnection connection) dans C:\Users\Light\source\repos\PLogger\PLogger\PLogger\Class\Logger.cs:ligne 205
IN [INTERNAL ERROR] Light  14/02/2020 < 00:47:56.9247 > MySql.Data.MySqlClient.MySqlException (0x80004005): You have an error in your SQL syntax; check the manual that corresponds to your MySQL server version for the right syntax to use near '[INFO])' at line 1
   à MySql.Data.MySqlClient.MySqlStream.ReadPacket()
   à MySql.Data.MySqlClient.NativeDriver.GetResult(Int32& affectedRow, Int64& insertedId)
   à MySql.Data.MySqlClient.Driver.GetResult(Int32 statementId, Int32& affectedRows, Int64& insertedId)
   à MySql.Data.MySqlClient.Driver.NextResult(Int32 statementId, Boolean force)
   à MySql.Data.MySqlClient.MySqlDataReader.NextResult()
   à MySql.Data.MySqlClient.MySqlCommand.ExecuteReader(CommandBehavior behavior)
   à MySql.Data.MySqlClient.MySqlCommand.ExecuteNonQuery()
   à PLogger.Class.Logger.writeToDatabase(MySqlConnection connection) dans C:\Users\Light\source\repos\PLogger\PLogger\PLogger\Class\Logger.cs:ligne 205
IN [INTERNAL ERROR] Light  14/02/2020 < 00:47:56.9486 > MySql.Data.MySqlClient.MySqlException (0x80004005): You have an error in your SQL syntax; check the manual that corresponds to your MySQL server version for the right syntax to use near '[ERROR])' at line 1
   à MySql.Data.MySqlClient.MySqlStream.ReadPacket()
   à MySql.Data.MySqlClient.NativeDriver.GetResult(Int32& affectedRow, Int64& insertedId)
   à MySql.Data.MySqlClient.Driver.GetResult(Int32 statementId, Int32& affectedRows, Int64& insertedId)
   à MySql.Data.MySqlClient.Driver.NextResult(Int32 statementId, Boolean force)
   à MySql.Data.MySqlClient.MySqlDataReader.NextResult()
   à MySql.Data.MySqlClient.MySqlCommand.ExecuteReader(CommandBehavior behavior)
   à MySql.Data.MySqlClient.MySqlCommand.ExecuteNonQuery()
   à PLogger.Class.Logger.writeToDatabase(MySqlConnection connection) dans C:\Users\Light\source\repos\PLogger\PLogger\PLogger\Class\Logger.cs:ligne 205
IN [INTERNAL ERROR] Light  14/02/2020 < 00:49:02.7258 > MySql.Data.MySqlClient.MySqlException (0x80004005): You have an error in your SQL syntax; check the manual that corresponds to your MySQL server version for the right syntax to use near '[INFOS])' at line 1
   à MySql.Data.MySqlClient.MySqlStream.ReadPacket()
   à MySql.Data.MySqlClient.NativeDriver.GetResult(Int32& affectedRow, Int64& insertedId)
   à MySql.Data.MySqlClient.Driver.GetResult(Int32 statementId, Int32& affectedRows, Int64& insertedId)
   à MySql.Data.MySqlClient.Driver.NextResult(Int32 statementId, Boolean force)
   à MySql.Data.MySqlClient.MySqlDataReader.NextResult()
   à MySql.Data.MySqlClient.MySqlCommand.ExecuteReader(CommandBehavior behavior)
   à MySql.Data.MySqlClient.MySqlCommand.ExecuteNonQuery()
   à PLogger.Class.Logger.writeToDatabase(MySqlConnection connection) dans C:\Users\Light\source\repos\PLogger\PLogger\PLogger\Class\Logger.cs:ligne 205
IN [INTERNAL ERROR] Light  14/02/2020 < 00:49:02.7478 > MySql.Data.MySqlClient.MySqlException (0x80004005): You have an error in your SQL syntax; check the manual that corresponds to your MySQL server version for the right syntax to use near '[ERROR])' at line 1
   à MySql.Data.MySqlClient.MySqlStream.ReadPacket()
   à MySql.Data.MySqlClient.NativeDriver.GetResult(Int32& affectedRow, Int64& insertedId)
   à MySql.Data.MySqlClient.Driver.GetResult(Int32 statementId, Int32& affectedRows, Int64& insertedId)
   à MySql.Data.MySqlClient.Driver.NextResult(Int32 statementId, Boolean force)
   à MySql.Data.MySqlClient.MySqlDataReader.NextResult()
   à MySql.Data.MySqlClient.MySqlCommand.ExecuteReader(CommandBehavior behavior)
   à MySql.Data.MySqlClient.MySqlCommand.ExecuteNonQuery()
   à PLogger.Class.Logger.writeToDatabase(MySqlConnection connection) dans C:\Users\Light\source\repos\PLogger\PLogger\PLogger\Class\Logger.cs:ligne 205
IN [INTERNAL ERROR] Light  14/02/2020 < 00:49:29.4209 > MySql.Data.MySqlClient.MySqlException (0x80004005): You have an error in your SQL syntax; check the manual that corresponds to your MySQL server version for the right syntax to use near '[INFOS])' at line 1
   à MySql.Data.MySqlClient.MySqlStream.ReadPacket()
   à MySql.Data.MySqlClient.NativeDriver.GetResult(Int32& affectedRow, Int64& insertedId)
   à MySql.Data.MySqlClient.Driver.GetResult(Int32 statementId, Int32& affectedRows, Int64& insertedId)
   à MySql.Data.MySqlClient.Driver.NextResult(Int32 statementId, Boolean force)
   à MySql.Data.MySqlClient.MySqlDataReader.NextResult()
   à MySql.Data.MySqlClient.MySqlCommand.ExecuteReader(CommandBehavior behavior)
   à MySql.Data.MySqlClient.MySqlCommand.ExecuteNonQuery()
   à PLogger.Class.Logger.writeToDatabase(MySqlConnection connection) dans C:\Users\Light\source\repos\PLogger\PLogger\PLogger\Class\Logger.cs:ligne 205
IN [INTERNAL ERROR] Light  14/02/2020 < 00:49:29.4418 > MySql.Data.MySqlClient.MySqlException (0x80004005): You have an error in your SQL syntax; check the manual that corresponds to your MySQL server version for the right syntax to use near '[ERROR])' at line 1
   à MySql.Data.MySqlClient.MySqlStream.ReadPacket()
   à MySql.Data.MySqlClient.NativeDriver.GetResult(Int32& affectedRow, Int64& insertedId)
   à MySql.Data.MySqlClient.Driver.GetResult(Int32 statementId, Int32& affectedRows, Int64& insertedId)
   à MySql.Data.MySqlClient.Driver.NextResult(Int32 statementId, Boolean force)
   à MySql.Data.MySqlClient.MySqlDataReader.NextResult()
   à MySql.Data.MySqlClient.MySqlCommand.ExecuteReader(CommandBehavior behavior)
   à MySql.Data.MySqlClient.MySqlCommand.ExecuteNonQuery()
   à PLogger.Class.Logger.writeToDatabase(MySqlConnection connection) dans C:\Users\Light\source\repos\PLogger\PLogger\PLogger\Class\Logger.cs:ligne 205
IN [INTERNAL ERROR] Light  14/02/2020 < 00:51:22.8033 > MySql.Data.MySqlClient.MySqlException (0x80004005): You have an error in your SQL syntax; check the manual that corresponds to your MySQL server version for the right syntax to use near '[INFOS])' at line 1
   à MySql.Data.MySqlClient.MySqlStream.ReadPacket()
   à MySql.Data.MySqlClient.NativeDriver.GetResult(Int32& affectedRow, Int64& insertedId)
   à MySql.Data.MySqlClient.Driver.GetResult(Int32 statementId, Int32& affectedRows, Int64& insertedId)
   à MySql.Data.MySqlClient.Driver.NextResult(Int32 statementId, Boolean force)
   à MySql.Data.MySqlClient.MySqlDataReader.NextResult()
   à MySql.Data.MySqlClient.MySqlCommand.ExecuteReader(CommandBehavior behavior)
   à MySql.Data.MySqlClient.MySqlCommand.ExecuteNonQuery()
   à PLogger.Class.Logger.writeToDatabase(MySqlConnection connection) dans C:\Users\Light\source\repos\PLogger\PLogger\PLogger\Class\Logger.cs:ligne 205
IN [INTERNAL ERROR] Light  14/02/2020 < 00:51:22.8262 > MySql.Data.MySqlClient.MySqlException (0x80004005): You have an error in your SQL syntax; check the manual that corresponds to your MySQL server version for the right syntax to use near '[ERROR])' at line 1
   à MySql.Data.MySqlClient.MySqlStream.ReadPacket()
   à MySql.Data.MySqlClient.NativeDriver.GetResult(Int32& affectedRow, Int64& insertedId)
   à MySql.Data.MySqlClient.Driver.GetResult(Int32 statementId, Int32& affectedRows, Int64& insertedId)
   à MySql.Data.MySqlClient.Driver.NextResult(Int32 statementId, Boolean force)
   à MySql.Data.MySqlClient.MySqlDataReader.NextResult()
   à MySql.Data.MySqlClient.MySqlCommand.ExecuteReader(CommandBehavior behavior)
   à MySql.Data.MySqlClient.MySqlCommand.ExecuteNonQuery()
   à PLogger.Class.Logger.writeToDatabase(MySqlConnection connection) dans C:\Users\Light\source\repos\PLogger\PLogger\PLogger\Class\Logger.cs:ligne 205
